#
# There is insufficient memory for the Java Runtime Environment to continue.
# Native memory allocation (mmap) failed to map 87031808 bytes for committing reserved memory.
# Possible reasons:
#   The system is out of physical RAM or swap space
#   The process is running with CompressedOops enabled, and the Java Heap may be blocking the growth of the native heap
# Possible solutions:
#   Reduce memory load on the system
#   Increase physical memory or swap space
#   Check if swap backing store is full
#   Decrease Java heap size (-Xmx/-Xms)
#   Decrease number of Java threads
#   Decrease Java thread stack sizes (-Xss)
#   Set larger code cache with -XX:ReservedCodeCacheSize=
# This output file may be truncated or incomplete.
#
#  Out of Memory Error (os_linux.cpp:2795), pid=22191, tid=0x00007f3e41e31700
#
# JRE version:  (8.0_312-b07) (build )
# Java VM: OpenJDK 64-Bit Server VM (25.312-b07 mixed mode linux-amd64 compressed oops)
# Failed to write core dump. Core dumps have been disabled. To enable core dumping, try "ulimit -c unlimited" before starting Java again
#

---------------  T H R E A D  ---------------

Current thread (0x00007f3e3804b800):  JavaThread "Unknown thread" [_thread_in_vm, id=22193, stack(0x00007f3e41d32000,0x00007f3e41e32000)]

Stack: [0x00007f3e41d32000,0x00007f3e41e32000],  sp=0x00007f3e41e305c0,  free space=1017k
Native frames: (J=compiled Java code, j=interpreted, Vv=VM code, C=native code)
V  [libjvm.so+0xb680cd]  VMError::report_and_die()+0x1cd
V  [libjvm.so+0x508f9a]  report_vm_out_of_memory(char const*, int, unsigned long, VMErrorType, char const*)+0xaa
V  [libjvm.so+0x942a18]  os::pd_commit_memory(char*, unsigned long, unsigned long, bool)+0xd8
V  [libjvm.so+0x93a26e]  os::commit_memory(char*, unsigned long, unsigned long, bool)+0x2e
V  [libjvm.so+0x9ba96b]  PSVirtualSpace::expand_by(unsigned long)+0x5b
V  [libjvm.so+0x9bc086]  PSYoungGen::initialize_virtual_space(ReservedSpace, unsigned long)+0x96
V  [libjvm.so+0x9bc49e]  PSYoungGen::initialize(ReservedSpace, unsigned long)+0x3e
V  [libjvm.so+0x2f3500]  AdjoiningGenerations::AdjoiningGenerations(ReservedSpace, GenerationSizer*, unsigned long)+0x320
V  [libjvm.so+0x96a730]  ParallelScavengeHeap::initialize()+0x220
V  [libjvm.so+0xb30b99]  Universe::initialize_heap()+0x159
V  [libjvm.so+0xb30e42]  universe_init()+0x42
V  [libjvm.so+0x645665]  init_globals()+0x65
V  [libjvm.so+0xb12f6f]  Threads::create_vm(JavaVMInitArgs*, bool*)+0x29f
V  [libjvm.so+0x7181fd]  JNI_CreateJavaVM+0x5d
C  [libjli.so+0x3043]  JavaMain+0xa3
C  [libpthread.so.0+0x7ea5]  start_thread+0xc5


---------------  P R O C E S S  ---------------

Java Threads: ( => current thread )

Other Threads:

=>0x00007f3e3804b800 (exited) JavaThread "Unknown thread" [_thread_in_vm, id=22193, stack(0x00007f3e41d32000,0x00007f3e41e32000)]

VM state:not at safepoint (not fully initialized)

VM Mutex/Monitor currently owned by a thread: None

heap address: 0x00000006c6600000, size: 3994 MB, Compressed Oops mode: Non-zero based:0x00000006c65ff000, Oop shift amount: 3
Narrow klass base: 0x0000000000000000, Narrow klass shift: 0

GC Heap History (0 events):
No events

Deoptimization events (0 events):
No events

Classes redefined (0 events):
No events

Internal exceptions (0 events):
No events

Events (0 events):
No events


Dynamic libraries:
6c6600000-76cd00000 ---p 00000000 00:00 0 
772000000-7c0000000 ---p 00000000 00:00 0 
5607b8164000-5607b8165000 r-xp 00000000 fd:00 964904                     /usr/lib/jvm/java-1.8.0-openjdk-1.8.0.312.b07-1.el7_9.x86_64/jre/bin/java
5607b8364000-5607b8365000 r--p 00000000 fd:00 964904                     /usr/lib/jvm/java-1.8.0-openjdk-1.8.0.312.b07-1.el7_9.x86_64/jre/bin/java
5607b8365000-5607b8366000 rw-p 00001000 fd:00 964904                     /usr/lib/jvm/java-1.8.0-openjdk-1.8.0.312.b07-1.el7_9.x86_64/jre/bin/java
5607b8818000-5607b8839000 rw-p 00000000 00:00 0                          [heap]
7f3e29000000-7f3e29270000 rwxp 00000000 00:00 0 
7f3e29270000-7f3e38000000 ---p 00000000 00:00 0 
7f3e38000000-7f3e38071000 rw-p 00000000 00:00 0 
7f3e38071000-7f3e3c000000 ---p 00000000 00:00 0 
7f3e3d44c000-7f3e3d70a000 rw-p 00000000 00:00 0 
7f3e3d70a000-7f3e3ded7000 ---p 00000000 00:00 0 
7f3e3ded7000-7f3e3dee2000 rw-p 00000000 00:00 0 
7f3e3dee2000-7f3e3e298000 ---p 00000000 00:00 0 
7f3e3e298000-7f3e3e2a0000 r-xp 00000000 fd:00 964976                     /usr/lib/jvm/java-1.8.0-openjdk-1.8.0.312.b07-1.el7_9.x86_64/jre/lib/amd64/libzip.so
7f3e3e2a0000-7f3e3e49f000 ---p 00008000 fd:00 964976                     /usr/lib/jvm/java-1.8.0-openjdk-1.8.0.312.b07-1.el7_9.x86_64/jre/lib/amd64/libzip.so
7f3e3e49f000-7f3e3e4a0000 r--p 00007000 fd:00 964976                     /usr/lib/jvm/java-1.8.0-openjdk-1.8.0.312.b07-1.el7_9.x86_64/jre/lib/amd64/libzip.so
7f3e3e4a0000-7f3e3e4a1000 rw-p 00008000 fd:00 964976                     /usr/lib/jvm/java-1.8.0-openjdk-1.8.0.312.b07-1.el7_9.x86_64/jre/lib/amd64/libzip.so
7f3e3e4a1000-7f3e3ed0c000 r--s 00000000 fd:04 97                         /var/lib/sss/mc/passwd
7f3e3ed0c000-7f3e3ed14000 r-xp 00000000 fd:00 337513                     /usr/lib64/libnss_sss.so.2
7f3e3ed14000-7f3e3ef13000 ---p 00008000 fd:00 337513                     /usr/lib64/libnss_sss.so.2
7f3e3ef13000-7f3e3ef14000 r--p 00007000 fd:00 337513                     /usr/lib64/libnss_sss.so.2
7f3e3ef14000-7f3e3ef15000 rw-p 00008000 fd:00 337513                     /usr/lib64/libnss_sss.so.2
7f3e3ef15000-7f3e3ef21000 r-xp 00000000 fd:00 282282                     /usr/lib64/libnss_files-2.17.so
7f3e3ef21000-7f3e3f120000 ---p 0000c000 fd:00 282282                     /usr/lib64/libnss_files-2.17.so
7f3e3f120000-7f3e3f121000 r--p 0000b000 fd:00 282282                     /usr/lib64/libnss_files-2.17.so
7f3e3f121000-7f3e3f122000 rw-p 0000c000 fd:00 282282                     /usr/lib64/libnss_files-2.17.so
7f3e3f122000-7f3e3f128000 rw-p 00000000 00:00 0 
7f3e3f128000-7f3e3f152000 r-xp 00000000 fd:00 964947                     /usr/lib/jvm/java-1.8.0-openjdk-1.8.0.312.b07-1.el7_9.x86_64/jre/lib/amd64/libjava.so
7f3e3f152000-7f3e3f351000 ---p 0002a000 fd:00 964947                     /usr/lib/jvm/java-1.8.0-openjdk-1.8.0.312.b07-1.el7_9.x86_64/jre/lib/amd64/libjava.so
7f3e3f351000-7f3e3f352000 r--p 00029000 fd:00 964947                     /usr/lib/jvm/java-1.8.0-openjdk-1.8.0.312.b07-1.el7_9.x86_64/jre/lib/amd64/libjava.so
7f3e3f352000-7f3e3f354000 rw-p 0002a000 fd:00 964947                     /usr/lib/jvm/java-1.8.0-openjdk-1.8.0.312.b07-1.el7_9.x86_64/jre/lib/amd64/libjava.so
7f3e3f354000-7f3e3f361000 r-xp 00000000 fd:00 964975                     /usr/lib/jvm/java-1.8.0-openjdk-1.8.0.312.b07-1.el7_9.x86_64/jre/lib/amd64/libverify.so
7f3e3f361000-7f3e3f560000 ---p 0000d000 fd:00 964975                     /usr/lib/jvm/java-1.8.0-openjdk-1.8.0.312.b07-1.el7_9.x86_64/jre/lib/amd64/libverify.so
7f3e3f560000-7f3e3f562000 r--p 0000c000 fd:00 964975                     /usr/lib/jvm/java-1.8.0-openjdk-1.8.0.312.b07-1.el7_9.x86_64/jre/lib/amd64/libverify.so
7f3e3f562000-7f3e3f563000 rw-p 0000e000 fd:00 964975                     /usr/lib/jvm/java-1.8.0-openjdk-1.8.0.312.b07-1.el7_9.x86_64/jre/lib/amd64/libverify.so
7f3e3f563000-7f3e3f56a000 r-xp 00000000 fd:00 292307                     /usr/lib64/librt-2.17.so
7f3e3f56a000-7f3e3f769000 ---p 00007000 fd:00 292307                     /usr/lib64/librt-2.17.so
7f3e3f769000-7f3e3f76a000 r--p 00006000 fd:00 292307                     /usr/lib64/librt-2.17.so
7f3e3f76a000-7f3e3f76b000 rw-p 00007000 fd:00 292307                     /usr/lib64/librt-2.17.so
7f3e3f76b000-7f3e3f780000 r-xp 00000000 fd:00 264568                     /usr/lib64/libgcc_s-4.8.5-20150702.so.1
7f3e3f780000-7f3e3f97f000 ---p 00015000 fd:00 264568                     /usr/lib64/libgcc_s-4.8.5-20150702.so.1
7f3e3f97f000-7f3e3f980000 r--p 00014000 fd:00 264568                     /usr/lib64/libgcc_s-4.8.5-20150702.so.1
7f3e3f980000-7f3e3f981000 rw-p 00015000 fd:00 264568                     /usr/lib64/libgcc_s-4.8.5-20150702.so.1
7f3e3f981000-7f3e3fa82000 r-xp 00000000 fd:00 267845                     /usr/lib64/libm-2.17.so
7f3e3fa82000-7f3e3fc81000 ---p 00101000 fd:00 267845                     /usr/lib64/libm-2.17.so
7f3e3fc81000-7f3e3fc82000 r--p 00100000 fd:00 267845                     /usr/lib64/libm-2.17.so
7f3e3fc82000-7f3e3fc83000 rw-p 00101000 fd:00 267845                     /usr/lib64/libm-2.17.so
7f3e3fc83000-7f3e3fd6c000 r-xp 00000000 fd:00 329247                     /usr/lib64/libstdc++.so.6.0.19
7f3e3fd6c000-7f3e3ff6c000 ---p 000e9000 fd:00 329247                     /usr/lib64/libstdc++.so.6.0.19
7f3e3ff6c000-7f3e3ff74000 r--p 000e9000 fd:00 329247                     /usr/lib64/libstdc++.so.6.0.19
7f3e3ff74000-7f3e3ff76000 rw-p 000f1000 fd:00 329247                     /usr/lib64/libstdc++.so.6.0.19
7f3e3ff76000-7f3e3ff8b000 rw-p 00000000 00:00 0 
7f3e3ff8b000-7f3e40d2a000 r-xp 00000000 fd:00 964982                     /usr/lib/jvm/java-1.8.0-openjdk-1.8.0.312.b07-1.el7_9.x86_64/jre/lib/amd64/server/libjvm.so
7f3e40d2a000-7f3e40f29000 ---p 00d9f000 fd:00 964982                     /usr/lib/jvm/java-1.8.0-openjdk-1.8.0.312.b07-1.el7_9.x86_64/jre/lib/amd64/server/libjvm.so
7f3e40f29000-7f3e40fd7000 r--p 00d9e000 fd:00 964982                     /usr/lib/jvm/java-1.8.0-openjdk-1.8.0.312.b07-1.el7_9.x86_64/jre/lib/amd64/server/libjvm.so
7f3e40fd7000-7f3e41002000 rw-p 00e4c000 fd:00 964982                     /usr/lib/jvm/java-1.8.0-openjdk-1.8.0.312.b07-1.el7_9.x86_64/jre/lib/amd64/server/libjvm.so
7f3e41002000-7f3e41038000 rw-p 00000000 00:00 0 
7f3e41038000-7f3e411fc000 r-xp 00000000 fd:00 265930                     /usr/lib64/libc-2.17.so
7f3e411fc000-7f3e413fb000 ---p 001c4000 fd:00 265930                     /usr/lib64/libc-2.17.so
7f3e413fb000-7f3e413ff000 r--p 001c3000 fd:00 265930                     /usr/lib64/libc-2.17.so
7f3e413ff000-7f3e41401000 rw-p 001c7000 fd:00 265930                     /usr/lib64/libc-2.17.so
7f3e41401000-7f3e41406000 rw-p 00000000 00:00 0 
7f3e41406000-7f3e41408000 r-xp 00000000 fd:00 267843                     /usr/lib64/libdl-2.17.so
7f3e41408000-7f3e41608000 ---p 00002000 fd:00 267843                     /usr/lib64/libdl-2.17.so
7f3e41608000-7f3e41609000 r--p 00002000 fd:00 267843                     /usr/lib64/libdl-2.17.so
7f3e41609000-7f3e4160a000 rw-p 00003000 fd:00 267843                     /usr/lib64/libdl-2.17.so
7f3e4160a000-7f3e41618000 r-xp 00000000 fd:00 964926                     /usr/lib/jvm/java-1.8.0-openjdk-1.8.0.312.b07-1.el7_9.x86_64/jre/lib/amd64/jli/libjli.so
7f3e41618000-7f3e41817000 ---p 0000e000 fd:00 964926                     /usr/lib/jvm/java-1.8.0-openjdk-1.8.0.312.b07-1.el7_9.x86_64/jre/lib/amd64/jli/libjli.so
7f3e41817000-7f3e41818000 r--p 0000d000 fd:00 964926                     /usr/lib/jvm/java-1.8.0-openjdk-1.8.0.312.b07-1.el7_9.x86_64/jre/lib/amd64/jli/libjli.so
7f3e41818000-7f3e41819000 rw-p 0000e000 fd:00 964926                     /usr/lib/jvm/java-1.8.0-openjdk-1.8.0.312.b07-1.el7_9.x86_64/jre/lib/amd64/jli/libjli.so
7f3e41819000-7f3e4182e000 r-xp 00000000 fd:00 268584                     /usr/lib64/libz.so.1.2.7
7f3e4182e000-7f3e41a2d000 ---p 00015000 fd:00 268584                     /usr/lib64/libz.so.1.2.7
7f3e41a2d000-7f3e41a2e000 r--p 00014000 fd:00 268584                     /usr/lib64/libz.so.1.2.7
7f3e41a2e000-7f3e41a2f000 rw-p 00015000 fd:00 268584                     /usr/lib64/libz.so.1.2.7
7f3e41a2f000-7f3e41a46000 r-xp 00000000 fd:00 267992                     /usr/lib64/libpthread-2.17.so
7f3e41a46000-7f3e41c45000 ---p 00017000 fd:00 267992                     /usr/lib64/libpthread-2.17.so
7f3e41c45000-7f3e41c46000 r--p 00016000 fd:00 267992                     /usr/lib64/libpthread-2.17.so
7f3e41c46000-7f3e41c47000 rw-p 00017000 fd:00 267992                     /usr/lib64/libpthread-2.17.so
7f3e41c47000-7f3e41c4b000 rw-p 00000000 00:00 0 
7f3e41c4b000-7f3e41c6d000 r-xp 00000000 fd:00 267560                     /usr/lib64/ld-2.17.so
7f3e41cf0000-7f3e41d31000 rw-p 00000000 00:00 0 
7f3e41d31000-7f3e41d35000 ---p 00000000 00:00 0 
7f3e41d35000-7f3e41e37000 rw-p 00000000 00:00 0 
7f3e41e5e000-7f3e41e61000 rw-p 00000000 00:00 0 
7f3e41e61000-7f3e41e69000 rw-s 00000000 fd:03 1064                       /tmp/hsperfdata_ddoimo/22191
7f3e41e69000-7f3e41e6a000 rw-p 00000000 00:00 0 
7f3e41e6a000-7f3e41e6b000 r--p 00000000 00:00 0 
7f3e41e6b000-7f3e41e6c000 rw-p 00000000 00:00 0 
7f3e41e6c000-7f3e41e6d000 r--p 00021000 fd:00 267560                     /usr/lib64/ld-2.17.so
7f3e41e6d000-7f3e41e6e000 rw-p 00022000 fd:00 267560                     /usr/lib64/ld-2.17.so
7f3e41e6e000-7f3e41e6f000 rw-p 00000000 00:00 0 
7ffd56101000-7ffd56124000 rw-p 00000000 00:00 0                          [stack]
7ffd5615e000-7ffd56160000 r-xp 00000000 00:00 0                          [vdso]
ffffffffff600000-ffffffffff601000 r-xp 00000000 00:00 0                  [vsyscall]

VM Arguments:
java_command: getsp -test
java_class_path (initial): /u/d/ddoimo/anaconda3/envs/gride/lib/R/share/java
Launcher Type: SUN_STANDARD

Environment Variables:
PATH=/u/d/ddoimo/anaconda3/envs/gride/bin:/u/d/ddoimo/anaconda3/condabin:/usr/lib64/qt-3.3/bin:/u/d/ddoimo/perl5/bin:/usr/local/bin:/usr/bin:/usr/local/sbin:/usr/sbin:/opt/puppetlabs/bin:/u/d/ddoimo/bin
SHELL=/bin/bash

Signal Handlers:
SIGSEGV: [libjvm.so+0xb68b30], sa_mask[0]=11111111011111111101111111111110, sa_flags=SA_RESTART|SA_SIGINFO
SIGBUS: [libjvm.so+0xb68b30], sa_mask[0]=11111111011111111101111111111110, sa_flags=SA_RESTART|SA_SIGINFO
SIGFPE: [libjvm.so+0x93dbe0], sa_mask[0]=11111111011111111101111111111110, sa_flags=SA_RESTART|SA_SIGINFO
SIGPIPE: [libjvm.so+0x93dbe0], sa_mask[0]=11111111011111111101111111111110, sa_flags=SA_RESTART|SA_SIGINFO
SIGXFSZ: [libjvm.so+0x93dbe0], sa_mask[0]=11111111011111111101111111111110, sa_flags=SA_RESTART|SA_SIGINFO
SIGILL: [libjvm.so+0x93dbe0], sa_mask[0]=11111111011111111101111111111110, sa_flags=SA_RESTART|SA_SIGINFO
SIGUSR1: SIG_DFL, sa_mask[0]=00000000000000000000000000000000, sa_flags=none
SIGUSR2: [libjvm.so+0x93da90], sa_mask[0]=00000000000000000000000000000000, sa_flags=SA_RESTART|SA_SIGINFO
SIGHUP: SIG_DFL, sa_mask[0]=00000000000000000000000000000000, sa_flags=none
SIGINT: SIG_DFL, sa_mask[0]=00000000000000000000000000000000, sa_flags=none
SIGTERM: SIG_DFL, sa_mask[0]=00000000000000000000000000000000, sa_flags=none
SIGQUIT: SIG_DFL, sa_mask[0]=00000000000000000000000000000000, sa_flags=none


---------------  S Y S T E M  ---------------

OS:CentOS Linux release 7.9.2009 (Core)

uname:Linux 3.10.0-1160.53.1.el7.x86_64 #1 SMP Fri Jan 14 13:59:45 UTC 2022 x86_64
libc:glibc 2.17 NPTL 2.17 
rlimit: STACK 8192k, CORE 0k, NPROC 4096, NOFILE 4096, AS infinity
load average:2.60 2.13 1.59

/proc/meminfo:
MemTotal:       16351276 kB
MemFree:          157088 kB
MemAvailable:      23608 kB
Buffers:            1828 kB
Cached:            27952 kB
SwapCached:        23548 kB
Active:         13992296 kB
Inactive:        1692716 kB
Active(anon):   13983580 kB
Inactive(anon):  1677968 kB
Active(file):       8716 kB
Inactive(file):    14748 kB
Unevictable:           0 kB
Mlocked:               0 kB
SwapTotal:       8191996 kB
SwapFree:           2844 kB
Dirty:                48 kB
Writeback:             0 kB
AnonPages:      15633356 kB
Mapped:            48552 kB
Shmem:              5364 kB
Slab:             150120 kB
SReclaimable:      52280 kB
SUnreclaim:        97840 kB
KernelStack:        8720 kB
PageTables:        69544 kB
NFS_Unstable:          0 kB
Bounce:                0 kB
WritebackTmp:          0 kB
CommitLimit:    16367632 kB
Committed_AS:   26968964 kB
VmallocTotal:   34359738367 kB
VmallocUsed:      380516 kB
VmallocChunk:   34358943740 kB
Percpu:             4800 kB
HardwareCorrupted:     0 kB
AnonHugePages:   3438592 kB
CmaTotal:              0 kB
CmaFree:               0 kB
HugePages_Total:       0
HugePages_Free:        0
HugePages_Rsvd:        0
HugePages_Surp:        0
Hugepagesize:       2048 kB
DirectMap4k:      322180 kB
DirectMap2M:     9037824 kB
DirectMap1G:     7340032 kB

container (cgroup) information:
container_type: cgroupv1
cpu_cpuset_cpus: 0-23
cpu_memory_nodes: 0
active_processor_count: 24
cpu_quota: -1
cpu_period: 100000
cpu_shares: -1
memory_limit_in_bytes: -1
memory_and_swap_limit_in_bytes: -1
memory_soft_limit_in_bytes: -1
memory_usage_in_bytes: 16050683904
memory_max_usage_in_bytes: 0


CPU:total 24 (initial active 24) (12 cores per cpu, 2 threads per core) family 6 model 63 stepping 2, cmov, cx8, fxsr, mmx, sse, sse2, sse3, ssse3, sse4.1, sse4.2, popcnt, avx, avx2, aes, clmul, erms, lzcnt, ht, tsc, tscinvbit, bmi1, bmi2

/proc/cpuinfo:
processor	: 0
vendor_id	: GenuineIntel
cpu family	: 6
model		: 63
model name	: Intel(R) Xeon(R) CPU E5-2690 v3 @ 2.60GHz
stepping	: 2
microcode	: 0x46
cpu MHz		: 1200.024
cache size	: 30720 KB
physical id	: 0
siblings	: 24
core id		: 0
cpu cores	: 12
apicid		: 0
initial apicid	: 0
fpu		: yes
fpu_exception	: yes
cpuid level	: 15
wp		: yes
flags		: fpu vme de pse tsc msr pae mce cx8 apic sep mtrr pge mca cmov pat pse36 clflush dts acpi mmx fxsr sse sse2 ss ht tm pbe syscall nx pdpe1gb rdtscp lm constant_tsc arch_perfmon pebs bts rep_good nopl xtopology nonstop_tsc aperfmperf eagerfpu pni pclmulqdq dtes64 monitor ds_cpl vmx smx est tm2 ssse3 sdbg fma cx16 xtpr pdcm pcid dca sse4_1 sse4_2 x2apic movbe popcnt tsc_deadline_timer aes xsave avx f16c rdrand lahf_lm abm epb invpcid_single intel_ppin ssbd ibrs ibpb stibp tpr_shadow vnmi flexpriority ept vpid fsgsbase tsc_adjust bmi1 avx2 smep bmi2 erms invpcid cqm xsaveopt cqm_llc cqm_occup_llc dtherm ida arat pln pts md_clear spec_ctrl intel_stibp flush_l1d
bogomips	: 5188.23
clflush size	: 64
cache_alignment	: 64
address sizes	: 46 bits physical, 48 bits virtual
power management:

processor	: 1
vendor_id	: GenuineIntel
cpu family	: 6
model		: 63
model name	: Intel(R) Xeon(R) CPU E5-2690 v3 @ 2.60GHz
stepping	: 2
microcode	: 0x46
cpu MHz		: 1200.183
cache size	: 30720 KB
physical id	: 0
siblings	: 24
core id		: 1
cpu cores	: 12
apicid		: 2
initial apicid	: 2
fpu		: yes
fpu_exception	: yes
cpuid level	: 15
wp		: yes
flags		: fpu vme de pse tsc msr pae mce cx8 apic sep mtrr pge mca cmov pat pse36 clflush dts acpi mmx fxsr sse sse2 ss ht tm pbe syscall nx pdpe1gb rdtscp lm constant_tsc arch_perfmon pebs bts rep_good nopl xtopology nonstop_tsc aperfmperf eagerfpu pni pclmulqdq dtes64 monitor ds_cpl vmx smx est tm2 ssse3 sdbg fma cx16 xtpr pdcm pcid dca sse4_1 sse4_2 x2apic movbe popcnt tsc_deadline_timer aes xsave avx f16c rdrand lahf_lm abm epb invpcid_single intel_ppin ssbd ibrs ibpb stibp tpr_shadow vnmi flexpriority ept vpid fsgsbase tsc_adjust bmi1 avx2 smep bmi2 erms invpcid cqm xsaveopt cqm_llc cqm_occup_llc dtherm ida arat pln pts md_clear spec_ctrl intel_stibp flush_l1d
bogomips	: 5188.23
clflush size	: 64
cache_alignment	: 64
address sizes	: 46 bits physical, 48 bits virtual
power management:

processor	: 2
vendor_id	: GenuineIntel
cpu family	: 6
model		: 63
model name	: Intel(R) Xeon(R) CPU E5-2690 v3 @ 2.60GHz
stepping	: 2
microcode	: 0x46
cpu MHz		: 3238.415
cache size	: 30720 KB
physical id	: 0
siblings	: 24
core id		: 2
cpu cores	: 12
apicid		: 4
initial apicid	: 4
fpu		: yes
fpu_exception	: yes
cpuid level	: 15
wp		: yes
flags		: fpu vme de pse tsc msr pae mce cx8 apic sep mtrr pge mca cmov pat pse36 clflush dts acpi mmx fxsr sse sse2 ss ht tm pbe syscall nx pdpe1gb rdtscp lm constant_tsc arch_perfmon pebs bts rep_good nopl xtopology nonstop_tsc aperfmperf eagerfpu pni pclmulqdq dtes64 monitor ds_cpl vmx smx est tm2 ssse3 sdbg fma cx16 xtpr pdcm pcid dca sse4_1 sse4_2 x2apic movbe popcnt tsc_deadline_timer aes xsave avx f16c rdrand lahf_lm abm epb invpcid_single intel_ppin ssbd ibrs ibpb stibp tpr_shadow vnmi flexpriority ept vpid fsgsbase tsc_adjust bmi1 avx2 smep bmi2 erms invpcid cqm xsaveopt cqm_llc cqm_occup_llc dtherm ida arat pln pts md_clear spec_ctrl intel_stibp flush_l1d
bogomips	: 5188.23
clflush size	: 64
cache_alignment	: 64
address sizes	: 46 bits physical, 48 bits virtual
power management:

processor	: 3
vendor_id	: GenuineIntel
cpu family	: 6
model		: 63
model name	: Intel(R) Xeon(R) CPU E5-2690 v3 @ 2.60GHz
stepping	: 2
microcode	: 0x46
cpu MHz		: 1308.886
cache size	: 30720 KB
physical id	: 0
siblings	: 24
core id		: 3
cpu cores	: 12
apicid		: 6
initial apicid	: 6
fpu		: yes
fpu_exception	: yes
cpuid level	: 15
wp		: yes
flags		: fpu vme de pse tsc msr pae mce cx8 apic sep mtrr pge mca cmov pat pse36 clflush dts acpi mmx fxsr sse sse2 ss ht tm pbe syscall nx pdpe1gb rdtscp lm constant_tsc arch_perfmon pebs bts rep_good nopl xtopology nonstop_tsc aperfmperf eagerfpu pni pclmulqdq dtes64 monitor ds_cpl vmx smx est tm2 ssse3 sdbg fma cx16 xtpr pdcm pcid dca sse4_1 sse4_2 x2apic movbe popcnt tsc_deadline_timer aes xsave avx f16c rdrand lahf_lm abm epb invpcid_single intel_ppin ssbd ibrs ibpb stibp tpr_shadow vnmi flexpriority ept vpid fsgsbase tsc_adjust bmi1 avx2 smep bmi2 erms invpcid cqm xsaveopt cqm_llc cqm_occup_llc dtherm ida arat pln pts md_clear spec_ctrl intel_stibp flush_l1d
bogomips	: 5188.23
clflush size	: 64
cache_alignment	: 64
address sizes	: 46 bits physical, 48 bits virtual
power management:

processor	: 4
vendor_id	: GenuineIntel
cpu family	: 6
model		: 63
model name	: Intel(R) Xeon(R) CPU E5-2690 v3 @ 2.60GHz
stepping	: 2
microcode	: 0x46
cpu MHz		: 1237.792
cache size	: 30720 KB
physical id	: 0
siblings	: 24
core id		: 4
cpu cores	: 12
apicid		: 8
initial apicid	: 8
fpu		: yes
fpu_exception	: yes
cpuid level	: 15
wp		: yes
flags		: fpu vme de pse tsc msr pae mce cx8 apic sep mtrr pge mca cmov pat pse36 clflush dts acpi mmx fxsr sse sse2 ss ht tm pbe syscall nx pdpe1gb rdtscp lm constant_tsc arch_perfmon pebs bts rep_good nopl xtopology nonstop_tsc aperfmperf eagerfpu pni pclmulqdq dtes64 monitor ds_cpl vmx smx est tm2 ssse3 sdbg fma cx16 xtpr pdcm pcid dca sse4_1 sse4_2 x2apic movbe popcnt tsc_deadline_timer aes xsave avx f16c rdrand lahf_lm abm epb invpcid_single intel_ppin ssbd ibrs ibpb stibp tpr_shadow vnmi flexpriority ept vpid fsgsbase tsc_adjust bmi1 avx2 smep bmi2 erms invpcid cqm xsaveopt cqm_llc cqm_occup_llc dtherm ida arat pln pts md_clear spec_ctrl intel_stibp flush_l1d
bogomips	: 5188.23
clflush size	: 64
cache_alignment	: 64
address sizes	: 46 bits physical, 48 bits virtual
power management:

processor	: 5
vendor_id	: GenuineIntel
cpu family	: 6
model		: 63
model name	: Intel(R) Xeon(R) CPU E5-2690 v3 @ 2.60GHz
stepping	: 2
microcode	: 0x46
cpu MHz		: 1300.158
cache size	: 30720 KB
physical id	: 0
siblings	: 24
core id		: 5
cpu cores	: 12
apicid		: 10
initial apicid	: 10
fpu		: yes
fpu_exception	: yes
cpuid level	: 15
wp		: yes
flags		: fpu vme de pse tsc msr pae mce cx8 apic sep mtrr pge mca cmov pat pse36 clflush dts acpi mmx fxsr sse sse2 ss ht tm pbe syscall nx pdpe1gb rdtscp lm constant_tsc arch_perfmon pebs bts rep_good nopl xtopology nonstop_tsc aperfmperf eagerfpu pni pclmulqdq dtes64 monitor ds_cpl vmx smx est tm2 ssse3 sdbg fma cx16 xtpr pdcm pcid dca sse4_1 sse4_2 x2apic movbe popcnt tsc_deadline_timer aes xsave avx f16c rdrand lahf_lm abm epb invpcid_single intel_ppin ssbd ibrs ibpb stibp tpr_shadow vnmi flexpriority ept vpid fsgsbase tsc_adjust bmi1 avx2 smep bmi2 erms invpcid cqm xsaveopt cqm_llc cqm_occup_llc dtherm ida arat pln pts md_clear spec_ctrl intel_stibp flush_l1d
bogomips	: 5188.23
clflush size	: 64
cache_alignment	: 64
address sizes	: 46 bits physical, 48 bits virtual
power management:

processor	: 6
vendor_id	: GenuineIntel
cpu family	: 6
model		: 63
model name	: Intel(R) Xeon(R) CPU E5-2690 v3 @ 2.60GHz
stepping	: 2
microcode	: 0x46
cpu MHz		: 1200.024
cache size	: 30720 KB
physical id	: 0
siblings	: 24
core id		: 8
cpu cores	: 12
apicid		: 16
initial apicid	: 16
fpu		: yes
fpu_exception	: yes
cpuid level	: 15
wp		: yes
flags		: fpu vme de pse tsc msr pae mce cx8 apic sep mtrr pge mca cmov pat pse36 clflush dts acpi mmx fxsr sse sse2 ss ht tm pbe syscall nx pdpe1gb rdtscp lm constant_tsc arch_perfmon pebs bts rep_good nopl xtopology nonstop_tsc aperfmperf eagerfpu pni pclmulqdq dtes64 monitor ds_cpl vmx smx est tm2 ssse3 sdbg fma cx16 xtpr pdcm pcid dca sse4_1 sse4_2 x2apic movbe popcnt tsc_deadline_timer aes xsave avx f16c rdrand lahf_lm abm epb invpcid_single intel_ppin ssbd ibrs ibpb stibp tpr_shadow vnmi flexpriority ept vpid fsgsbase tsc_adjust bmi1 avx2 smep bmi2 erms invpcid cqm xsaveopt cqm_llc cqm_occup_llc dtherm ida arat pln pts md_clear spec_ctrl intel_stibp flush_l1d
bogomips	: 5188.23
clflush size	: 64
cache_alignment	: 64
address sizes	: 46 bits physical, 48 bits virtual
power management:

processor	: 7
vendor_id	: GenuineIntel
cpu family	: 6
model		: 63
model name	: Intel(R) Xeon(R) CPU E5-2690 v3 @ 2.60GHz
stepping	: 2
microcode	: 0x46
cpu MHz		: 1293.493
cache size	: 30720 KB
physical id	: 0
siblings	: 24
core id		: 9
cpu cores	: 12
apicid		: 18
initial apicid	: 18
fpu		: yes
fpu_exception	: yes
cpuid level	: 15
wp		: yes
flags		: fpu vme de pse tsc msr pae mce cx8 apic sep mtrr pge mca cmov pat pse36 clflush dts acpi mmx fxsr sse sse2 ss ht tm pbe syscall nx pdpe1gb rdtscp lm constant_tsc arch_perfmon pebs bts rep_good nopl xtopology nonstop_tsc aperfmperf eagerfpu pni pclmulqdq dtes64 monitor ds_cpl vmx smx est tm2 ssse3 sdbg fma cx16 xtpr pdcm pcid dca sse4_1 sse4_2 x2apic movbe popcnt tsc_deadline_timer aes xsave avx f16c rdrand lahf_lm abm epb invpcid_single intel_ppin ssbd ibrs ibpb stibp tpr_shadow vnmi flexpriority ept vpid fsgsbase tsc_adjust bmi1 avx2 smep bmi2 erms invpcid cqm xsaveopt cqm_llc cqm_occup_llc dtherm ida arat pln pts md_clear spec_ctrl intel_stibp flush_l1d
bogomips	: 5188.23
clflush size	: 64
cache_alignment	: 64
address sizes	: 46 bits physical, 48 bits virtual
power management:

processor	: 8
vendor_id	: GenuineIntel
cpu family	: 6
model		: 63
model name	: Intel(R) Xeon(R) CPU E5-2690 v3 @ 2.60GHz
stepping	: 2
microcode	: 0x46
cpu MHz		: 1200.024
cache size	: 30720 KB
physical id	: 0
siblings	: 24
core id		: 10
cpu cores	: 12
apicid		: 20
initial apicid	: 20
fpu		: yes
fpu_exception	: yes
cpuid level	: 15
wp		: yes
flags		: fpu vme de pse tsc msr pae mce cx8 apic sep mtrr pge mca cmov pat pse36 clflush dts acpi mmx fxsr sse sse2 ss ht tm pbe syscall nx pdpe1gb rdtscp lm constant_tsc arch_perfmon pebs bts rep_good nopl xtopology nonstop_tsc aperfmperf eagerfpu pni pclmulqdq dtes64 monitor ds_cpl vmx smx est tm2 ssse3 sdbg fma cx16 xtpr pdcm pcid dca sse4_1 sse4_2 x2apic movbe popcnt tsc_deadline_timer aes xsave avx f16c rdrand lahf_lm abm epb invpcid_single intel_ppin ssbd ibrs ibpb stibp tpr_shadow vnmi flexpriority ept vpid fsgsbase tsc_adjust bmi1 avx2 smep bmi2 erms invpcid cqm xsaveopt cqm_llc cqm_occup_llc dtherm ida arat pln pts md_clear spec_ctrl intel_stibp flush_l1d
bogomips	: 5188.23
clflush size	: 64
cache_alignment	: 64
address sizes	: 46 bits physical, 48 bits virtual
power management:

processor	: 9
vendor_id	: GenuineIntel
cpu family	: 6
model		: 63
model name	: Intel(R) Xeon(R) CPU E5-2690 v3 @ 2.60GHz
stepping	: 2
microcode	: 0x46
cpu MHz		: 1944.445
cache size	: 30720 KB
physical id	: 0
siblings	: 24
core id		: 11
cpu cores	: 12
apicid		: 22
initial apicid	: 22
fpu		: yes
fpu_exception	: yes
cpuid level	: 15
wp		: yes
flags		: fpu vme de pse tsc msr pae mce cx8 apic sep mtrr pge mca cmov pat pse36 clflush dts acpi mmx fxsr sse sse2 ss ht tm pbe syscall nx pdpe1gb rdtscp lm constant_tsc arch_perfmon pebs bts rep_good nopl xtopology nonstop_tsc aperfmperf eagerfpu pni pclmulqdq dtes64 monitor ds_cpl vmx smx est tm2 ssse3 sdbg fma cx16 xtpr pdcm pcid dca sse4_1 sse4_2 x2apic movbe popcnt tsc_deadline_timer aes xsave avx f16c rdrand lahf_lm abm epb invpcid_single intel_ppin ssbd ibrs ibpb stibp tpr_shadow vnmi flexpriority ept vpid fsgsbase tsc_adjust bmi1 avx2 smep bmi2 erms invpcid cqm xsaveopt cqm_llc cqm_occup_llc dtherm ida arat pln pts md_clear spec_ctrl intel_stibp flush_l1d
bogomips	: 5188.23
clflush size	: 64
cache_alignment	: 64
address sizes	: 46 bits physical, 48 bits virtual
power management:

processor	: 10
vendor_id	: GenuineIntel
cpu family	: 6
model		: 63
model name	: Intel(R) Xeon(R) CPU E5-2690 v3 @ 2.60GHz
stepping	: 2
microcode	: 0x46
cpu MHz		: 1290.478
cache size	: 30720 KB
physical id	: 0
siblings	: 24
core id		: 12
cpu cores	: 12
apicid		: 24
initial apicid	: 24
fpu		: yes
fpu_exception	: yes
cpuid level	: 15
wp		: yes
flags		: fpu vme de pse tsc msr pae mce cx8 apic sep mtrr pge mca cmov pat pse36 clflush dts acpi mmx fxsr sse sse2 ss ht tm pbe syscall nx pdpe1gb rdtscp lm constant_tsc arch_perfmon pebs bts rep_good nopl xtopology nonstop_tsc aperfmperf eagerfpu pni pclmulqdq dtes64 monitor ds_cpl vmx smx est tm2 ssse3 sdbg fma cx16 xtpr pdcm pcid dca sse4_1 sse4_2 x2apic movbe popcnt tsc_deadline_timer aes xsave avx f16c rdrand lahf_lm abm epb invpcid_single intel_ppin ssbd ibrs ibpb stibp tpr_shadow vnmi flexpriority ept vpid fsgsbase tsc_adjust bmi1 avx2 smep bmi2 erms invpcid cqm xsaveopt cqm_llc cqm_occup_llc dtherm ida arat pln pts md_clear spec_ctrl intel_stibp flush_l1d
bogomips	: 5188.23
clflush size	: 64
cache_alignment	: 64
address sizes	: 46 bits physical, 48 bits virtual
power management:

processor	: 11
vendor_id	: GenuineIntel
cpu family	: 6
model		: 63
model name	: Intel(R) Xeon(R) CPU E5-2690 v3 @ 2.60GHz
stepping	: 2
microcode	: 0x46
cpu MHz		: 3233.813
cache size	: 30720 KB
physical id	: 0
siblings	: 24
core id		: 13
cpu cores	: 12
apicid		: 26
initial apicid	: 26
fpu		: yes
fpu_exception	: yes
cpuid level	: 15
wp		: yes
flags		: fpu vme de pse tsc msr pae mce cx8 apic sep mtrr pge mca cmov pat pse36 clflush dts acpi mmx fxsr sse sse2 ss ht tm pbe syscall nx pdpe1gb rdtscp lm constant_tsc arch_perfmon pebs bts rep_good nopl xtopology nonstop_tsc aperfmperf eagerfpu pni pclmulqdq dtes64 monitor ds_cpl vmx smx est tm2 ssse3 sdbg fma cx16 xtpr pdcm pcid dca sse4_1 sse4_2 x2apic movbe popcnt tsc_deadline_timer aes xsave avx f16c rdrand lahf_lm abm epb invpcid_single intel_ppin ssbd ibrs ibpb stibp tpr_shadow vnmi flexpriority ept vpid fsgsbase tsc_adjust bmi1 avx2 smep bmi2 erms invpcid cqm xsaveopt cqm_llc cqm_occup_llc dtherm ida arat pln pts md_clear spec_ctrl intel_stibp flush_l1d
bogomips	: 5188.23
clflush size	: 64
cache_alignment	: 64
address sizes	: 46 bits physical, 48 bits virtual
power management:

processor	: 12
vendor_id	: GenuineIntel
cpu family	: 6
model		: 63
model name	: Intel(R) Xeon(R) CPU E5-2690 v3 @ 2.60GHz
stepping	: 2
microcode	: 0x46
cpu MHz		: 1200.341
cache size	: 30720 KB
physical id	: 0
siblings	: 24
core id		: 0
cpu cores	: 12
apicid		: 1
initial apicid	: 1
fpu		: yes
fpu_exception	: yes
cpuid level	: 15
wp		: yes
flags		: fpu vme de pse tsc msr pae mce cx8 apic sep mtrr pge mca cmov pat pse36 clflush dts acpi mmx fxsr sse sse2 ss ht tm pbe syscall nx pdpe1gb rdtscp lm constant_tsc arch_perfmon pebs bts rep_good nopl xtopology nonstop_tsc aperfmperf eagerfpu pni pclmulqdq dtes64 monitor ds_cpl vmx smx est tm2 ssse3 sdbg fma cx16 xtpr pdcm pcid dca sse4_1 sse4_2 x2apic movbe popcnt tsc_deadline_timer aes xsave avx f16c rdrand lahf_lm abm epb invpcid_single intel_ppin ssbd ibrs ibpb stibp tpr_shadow vnmi flexpriority ept vpid fsgsbase tsc_adjust bmi1 avx2 smep bmi2 erms invpcid cqm xsaveopt cqm_llc cqm_occup_llc dtherm ida arat pln pts md_clear spec_ctrl intel_stibp flush_l1d
bogomips	: 5188.23
clflush size	: 64
cache_alignment	: 64
address sizes	: 46 bits physical, 48 bits virtual
power management:

processor	: 13
vendor_id	: GenuineIntel
cpu family	: 6
model		: 63
model name	: Intel(R) Xeon(R) CPU E5-2690 v3 @ 2.60GHz
stepping	: 2
microcode	: 0x46
cpu MHz		: 1314.282
cache size	: 30720 KB
physical id	: 0
siblings	: 24
core id		: 1
cpu cores	: 12
apicid		: 3
initial apicid	: 3
fpu		: yes
fpu_exception	: yes
cpuid level	: 15
wp		: yes
flags		: fpu vme de pse tsc msr pae mce cx8 apic sep mtrr pge mca cmov pat pse36 clflush dts acpi mmx fxsr sse sse2 ss ht tm pbe syscall nx pdpe1gb rdtscp lm constant_tsc arch_perfmon pebs bts rep_good nopl xtopology nonstop_tsc aperfmperf eagerfpu pni pclmulqdq dtes64 monitor ds_cpl vmx smx est tm2 ssse3 sdbg fma cx16 xtpr pdcm pcid dca sse4_1 sse4_2 x2apic movbe popcnt tsc_deadline_timer aes xsave avx f16c rdrand lahf_lm abm epb invpcid_single intel_ppin ssbd ibrs ibpb stibp tpr_shadow vnmi flexpriority ept vpid fsgsbase tsc_adjust bmi1 avx2 smep bmi2 erms invpcid cqm xsaveopt cqm_llc cqm_occup_llc dtherm ida arat pln pts md_clear spec_ctrl intel_stibp flush_l1d
bogomips	: 5188.23
clflush size	: 64
cache_alignment	: 64
address sizes	: 46 bits physical, 48 bits virtual
power management:

processor	: 14
vendor_id	: GenuineIntel
cpu family	: 6
model		: 63
model name	: Intel(R) Xeon(R) CPU E5-2690 v3 @ 2.60GHz
stepping	: 2
microcode	: 0x46
cpu MHz		: 2537.475
cache size	: 30720 KB
physical id	: 0
siblings	: 24
core id		: 2
cpu cores	: 12
apicid		: 5
initial apicid	: 5
fpu		: yes
fpu_exception	: yes
cpuid level	: 15
wp		: yes
flags		: fpu vme de pse tsc msr pae mce cx8 apic sep mtrr pge mca cmov pat pse36 clflush dts acpi mmx fxsr sse sse2 ss ht tm pbe syscall nx pdpe1gb rdtscp lm constant_tsc arch_perfmon pebs bts rep_good nopl xtopology nonstop_tsc aperfmperf eagerfpu pni pclmulqdq dtes64 monitor ds_cpl vmx smx est tm2 ssse3 sdbg fma cx16 xtpr pdcm pcid dca sse4_1 sse4_2 x2apic movbe popcnt tsc_deadline_timer aes xsave avx f16c rdrand lahf_lm abm epb invpcid_single intel_ppin ssbd ibrs ibpb stibp tpr_shadow vnmi flexpriority ept vpid fsgsbase tsc_adjust bmi1 avx2 smep bmi2 erms invpcid cqm xsaveopt cqm_llc cqm_occup_llc dtherm ida arat pln pts md_clear spec_ctrl intel_stibp flush_l1d
bogomips	: 5188.23
clflush size	: 64
cache_alignment	: 64
address sizes	: 46 bits physical, 48 bits virtual
power management:

processor	: 15
vendor_id	: GenuineIntel
cpu family	: 6
model		: 63
model name	: Intel(R) Xeon(R) CPU E5-2690 v3 @ 2.60GHz
stepping	: 2
microcode	: 0x46
cpu MHz		: 1200.024
cache size	: 30720 KB
physical id	: 0
siblings	: 24
core id		: 3
cpu cores	: 12
apicid		: 7
initial apicid	: 7
fpu		: yes
fpu_exception	: yes
cpuid level	: 15
wp		: yes
flags		: fpu vme de pse tsc msr pae mce cx8 apic sep mtrr pge mca cmov pat pse36 clflush dts acpi mmx fxsr sse sse2 ss ht tm pbe syscall nx pdpe1gb rdtscp lm constant_tsc arch_perfmon pebs bts rep_good nopl xtopology nonstop_tsc aperfmperf eagerfpu pni pclmulqdq dtes64 monitor ds_cpl vmx smx est tm2 ssse3 sdbg fma cx16 xtpr pdcm pcid dca sse4_1 sse4_2 x2apic movbe popcnt tsc_deadline_timer aes xsave avx f16c rdrand lahf_lm abm epb invpcid_single intel_ppin ssbd ibrs ibpb stibp tpr_shadow vnmi flexpriority ept vpid fsgsbase tsc_adjust bmi1 avx2 smep bmi2 erms invpcid cqm xsaveopt cqm_llc cqm_occup_llc dtherm ida arat pln pts md_clear spec_ctrl intel_stibp flush_l1d
bogomips	: 5188.23
clflush size	: 64
cache_alignment	: 64
address sizes	: 46 bits physical, 48 bits virtual
power management:

processor	: 16
vendor_id	: GenuineIntel
cpu family	: 6
model		: 63
model name	: Intel(R) Xeon(R) CPU E5-2690 v3 @ 2.60GHz
stepping	: 2
microcode	: 0x46
cpu MHz		: 1294.604
cache size	: 30720 KB
physical id	: 0
siblings	: 24
core id		: 4
cpu cores	: 12
apicid		: 9
initial apicid	: 9
fpu		: yes
fpu_exception	: yes
cpuid level	: 15
wp		: yes
flags		: fpu vme de pse tsc msr pae mce cx8 apic sep mtrr pge mca cmov pat pse36 clflush dts acpi mmx fxsr sse sse2 ss ht tm pbe syscall nx pdpe1gb rdtscp lm constant_tsc arch_perfmon pebs bts rep_good nopl xtopology nonstop_tsc aperfmperf eagerfpu pni pclmulqdq dtes64 monitor ds_cpl vmx smx est tm2 ssse3 sdbg fma cx16 xtpr pdcm pcid dca sse4_1 sse4_2 x2apic movbe popcnt tsc_deadline_timer aes xsave avx f16c rdrand lahf_lm abm epb invpcid_single intel_ppin ssbd ibrs ibpb stibp tpr_shadow vnmi flexpriority ept vpid fsgsbase tsc_adjust bmi1 avx2 smep bmi2 erms invpcid cqm xsaveopt cqm_llc cqm_occup_llc dtherm ida arat pln pts md_clear spec_ctrl intel_stibp flush_l1d
bogomips	: 5188.23
clflush size	: 64
cache_alignment	: 64
address sizes	: 46 bits physical, 48 bits virtual
power management:

processor	: 17
vendor_id	: GenuineIntel
cpu family	: 6
model		: 63
model name	: Intel(R) Xeon(R) CPU E5-2690 v3 @ 2.60GHz
stepping	: 2
microcode	: 0x46
cpu MHz		: 1200.024
cache size	: 30720 KB
physical id	: 0
siblings	: 24
core id		: 5
cpu cores	: 12
apicid		: 11
initial apicid	: 11
fpu		: yes
fpu_exception	: yes
cpuid level	: 15
wp		: yes
flags		: fpu vme de pse tsc msr pae mce cx8 apic sep mtrr pge mca cmov pat pse36 clflush dts acpi mmx fxsr sse sse2 ss ht tm pbe syscall nx pdpe1gb rdtscp lm constant_tsc arch_perfmon pebs bts rep_good nopl xtopology nonstop_tsc aperfmperf eagerfpu pni pclmulqdq dtes64 monitor ds_cpl vmx smx est tm2 ssse3 sdbg fma cx16 xtpr pdcm pcid dca sse4_1 sse4_2 x2apic movbe popcnt tsc_deadline_timer aes xsave avx f16c rdrand lahf_lm abm epb invpcid_single intel_ppin ssbd ibrs ibpb stibp tpr_shadow vnmi flexpriority ept vpid fsgsbase tsc_adjust bmi1 avx2 smep bmi2 erms invpcid cqm xsaveopt cqm_llc cqm_occup_llc dtherm ida arat pln pts md_clear spec_ctrl intel_stibp flush_l1d
bogomips	: 5188.23
clflush size	: 64
cache_alignment	: 64
address sizes	: 46 bits physical, 48 bits virtual
power management:

processor	: 18
vendor_id	: GenuineIntel
cpu family	: 6
model		: 63
model name	: Intel(R) Xeon(R) CPU E5-2690 v3 @ 2.60GHz
stepping	: 2
microcode	: 0x46
cpu MHz		: 1332.214
cache size	: 30720 KB
physical id	: 0
siblings	: 24
core id		: 8
cpu cores	: 12
apicid		: 17
initial apicid	: 17
fpu		: yes
fpu_exception	: yes
cpuid level	: 15
wp		: yes
flags		: fpu vme de pse tsc msr pae mce cx8 apic sep mtrr pge mca cmov pat pse36 clflush dts acpi mmx fxsr sse sse2 ss ht tm pbe syscall nx pdpe1gb rdtscp lm constant_tsc arch_perfmon pebs bts rep_good nopl xtopology nonstop_tsc aperfmperf eagerfpu pni pclmulqdq dtes64 monitor ds_cpl vmx smx est tm2 ssse3 sdbg fma cx16 xtpr pdcm pcid dca sse4_1 sse4_2 x2apic movbe popcnt tsc_deadline_timer aes xsave avx f16c rdrand lahf_lm abm epb invpcid_single intel_ppin ssbd ibrs ibpb stibp tpr_shadow vnmi flexpriority ept vpid fsgsbase tsc_adjust bmi1 avx2 smep bmi2 erms invpcid cqm xsaveopt cqm_llc cqm_occup_llc dtherm ida arat pln pts md_clear spec_ctrl intel_stibp flush_l1d
bogomips	: 5188.23
clflush size	: 64
cache_alignment	: 64
address sizes	: 46 bits physical, 48 bits virtual
power management:

processor	: 19
vendor_id	: GenuineIntel
cpu family	: 6
model		: 63
model name	: Intel(R) Xeon(R) CPU E5-2690 v3 @ 2.60GHz
stepping	: 2
microcode	: 0x46
cpu MHz		: 1486.621
cache size	: 30720 KB
physical id	: 0
siblings	: 24
core id		: 9
cpu cores	: 12
apicid		: 19
initial apicid	: 19
fpu		: yes
fpu_exception	: yes
cpuid level	: 15
wp		: yes
flags		: fpu vme de pse tsc msr pae mce cx8 apic sep mtrr pge mca cmov pat pse36 clflush dts acpi mmx fxsr sse sse2 ss ht tm pbe syscall nx pdpe1gb rdtscp lm constant_tsc arch_perfmon pebs bts rep_good nopl xtopology nonstop_tsc aperfmperf eagerfpu pni pclmulqdq dtes64 monitor ds_cpl vmx smx est tm2 ssse3 sdbg fma cx16 xtpr pdcm pcid dca sse4_1 sse4_2 x2apic movbe popcnt tsc_deadline_timer aes xsave avx f16c rdrand lahf_lm abm epb invpcid_single intel_ppin ssbd ibrs ibpb stibp tpr_shadow vnmi flexpriority ept vpid fsgsbase tsc_adjust bmi1 avx2 smep bmi2 erms invpcid cqm xsaveopt cqm_llc cqm_occup_llc dtherm ida arat pln pts md_clear spec_ctrl intel_stibp flush_l1d
bogomips	: 5188.23
clflush size	: 64
cache_alignment	: 64
address sizes	: 46 bits physical, 48 bits virtual
power management:

processor	: 20
vendor_id	: GenuineIntel
cpu family	: 6
model		: 63
model name	: Intel(R) Xeon(R) CPU E5-2690 v3 @ 2.60GHz
stepping	: 2
microcode	: 0x46
cpu MHz		: 1387.121
cache size	: 30720 KB
physical id	: 0
siblings	: 24
core id		: 10
cpu cores	: 12
apicid		: 21
initial apicid	: 21
fpu		: yes
fpu_exception	: yes
cpuid level	: 15
wp		: yes
flags		: fpu vme de pse tsc msr pae mce cx8 apic sep mtrr pge mca cmov pat pse36 clflush dts acpi mmx fxsr sse sse2 ss ht tm pbe syscall nx pdpe1gb rdtscp lm constant_tsc arch_perfmon pebs bts rep_good nopl xtopology nonstop_tsc aperfmperf eagerfpu pni pclmulqdq dtes64 monitor ds_cpl vmx smx est tm2 ssse3 sdbg fma cx16 xtpr pdcm pcid dca sse4_1 sse4_2 x2apic movbe popcnt tsc_deadline_timer aes xsave avx f16c rdrand lahf_lm abm epb invpcid_single intel_ppin ssbd ibrs ibpb stibp tpr_shadow vnmi flexpriority ept vpid fsgsbase tsc_adjust bmi1 avx2 smep bmi2 erms invpcid cqm xsaveopt cqm_llc cqm_occup_llc dtherm ida arat pln pts md_clear spec_ctrl intel_stibp flush_l1d
bogomips	: 5188.23
clflush size	: 64
cache_alignment	: 64
address sizes	: 46 bits physical, 48 bits virtual
power management:

processor	: 21
vendor_id	: GenuineIntel
cpu family	: 6
model		: 63
model name	: Intel(R) Xeon(R) CPU E5-2690 v3 @ 2.60GHz
stepping	: 2
microcode	: 0x46
cpu MHz		: 1200.024
cache size	: 30720 KB
physical id	: 0
siblings	: 24
core id		: 11
cpu cores	: 12
apicid		: 23
initial apicid	: 23
fpu		: yes
fpu_exception	: yes
cpuid level	: 15
wp		: yes
flags		: fpu vme de pse tsc msr pae mce cx8 apic sep mtrr pge mca cmov pat pse36 clflush dts acpi mmx fxsr sse sse2 ss ht tm pbe syscall nx pdpe1gb rdtscp lm constant_tsc arch_perfmon pebs bts rep_good nopl xtopology nonstop_tsc aperfmperf eagerfpu pni pclmulqdq dtes64 monitor ds_cpl vmx smx est tm2 ssse3 sdbg fma cx16 xtpr pdcm pcid dca sse4_1 sse4_2 x2apic movbe popcnt tsc_deadline_timer aes xsave avx f16c rdrand lahf_lm abm epb invpcid_single intel_ppin ssbd ibrs ibpb stibp tpr_shadow vnmi flexpriority ept vpid fsgsbase tsc_adjust bmi1 avx2 smep bmi2 erms invpcid cqm xsaveopt cqm_llc cqm_occup_llc dtherm ida arat pln pts md_clear spec_ctrl intel_stibp flush_l1d
bogomips	: 5188.23
clflush size	: 64
cache_alignment	: 64
address sizes	: 46 bits physical, 48 bits virtual
power management:

processor	: 22
vendor_id	: GenuineIntel
cpu family	: 6
model		: 63
model name	: Intel(R) Xeon(R) CPU E5-2690 v3 @ 2.60GHz
stepping	: 2
microcode	: 0x46
cpu MHz		: 1200.024
cache size	: 30720 KB
physical id	: 0
siblings	: 24
core id		: 12
cpu cores	: 12
apicid		: 25
initial apicid	: 25
fpu		: yes
fpu_exception	: yes
cpuid level	: 15
wp		: yes
flags		: fpu vme de pse tsc msr pae mce cx8 apic sep mtrr pge mca cmov pat pse36 clflush dts acpi mmx fxsr sse sse2 ss ht tm pbe syscall nx pdpe1gb rdtscp lm constant_tsc arch_perfmon pebs bts rep_good nopl xtopology nonstop_tsc aperfmperf eagerfpu pni pclmulqdq dtes64 monitor ds_cpl vmx smx est tm2 ssse3 sdbg fma cx16 xtpr pdcm pcid dca sse4_1 sse4_2 x2apic movbe popcnt tsc_deadline_timer aes xsave avx f16c rdrand lahf_lm abm epb invpcid_single intel_ppin ssbd ibrs ibpb stibp tpr_shadow vnmi flexpriority ept vpid fsgsbase tsc_adjust bmi1 avx2 smep bmi2 erms invpcid cqm xsaveopt cqm_llc cqm_occup_llc dtherm ida arat pln pts md_clear spec_ctrl intel_stibp flush_l1d
bogomips	: 5188.23
clflush size	: 64
cache_alignment	: 64
address sizes	: 46 bits physical, 48 bits virtual
power management:

processor	: 23
vendor_id	: GenuineIntel
cpu family	: 6
model		: 63
model name	: Intel(R) Xeon(R) CPU E5-2690 v3 @ 2.60GHz
stepping	: 2
microcode	: 0x46
cpu MHz		: 3246.984
cache size	: 30720 KB
physical id	: 0
siblings	: 24
core id		: 13
cpu cores	: 12
apicid		: 27
initial apicid	: 27
fpu		: yes
fpu_exception	: yes
cpuid level	: 15
wp		: yes
flags		: fpu vme de pse tsc msr pae mce cx8 apic sep mtrr pge mca cmov pat pse36 clflush dts acpi mmx fxsr sse sse2 ss ht tm pbe syscall nx pdpe1gb rdtscp lm constant_tsc arch_perfmon pebs bts rep_good nopl xtopology nonstop_tsc aperfmperf eagerfpu pni pclmulqdq dtes64 monitor ds_cpl vmx smx est tm2 ssse3 sdbg fma cx16 xtpr pdcm pcid dca sse4_1 sse4_2 x2apic movbe popcnt tsc_deadline_timer aes xsave avx f16c rdrand lahf_lm abm epb invpcid_single intel_ppin ssbd ibrs ibpb stibp tpr_shadow vnmi flexpriority ept vpid fsgsbase tsc_adjust bmi1 avx2 smep bmi2 erms invpcid cqm xsaveopt cqm_llc cqm_occup_llc dtherm ida arat pln pts md_clear spec_ctrl intel_stibp flush_l1d
bogomips	: 5188.23
clflush size	: 64
cache_alignment	: 64
address sizes	: 46 bits physical, 48 bits virtual
power management:



Memory: 4k page, physical 16351276k(157088k free), swap 8191996k(2844k free)

vm_info: OpenJDK 64-Bit Server VM (25.312-b07) for linux-amd64 JRE (1.8.0_312-b07), built on Oct 27 2021 12:26:19 by "mockbuild" with gcc 4.8.5 20150623 (Red Hat 4.8.5-44)

time: Tue Sep  6 14:00:19 2022
timezone: CEST
elapsed time: 0.858228 seconds (0d 0h 0m 0s)

